Using pre-set license
Built from '2022.3/staging' branch; Version is '2022.3.7f1 (b16b3b16c7a0) revision 11627323'; Using compiler version '192829333'; Build Type 'Release'
OS: 'Windows 10  (10.0.19045) 64bit Professional' Language: 'tr' Physical Memory: 32448 MB
BatchMode: 1, IsHumanControllingUs: 0, StartBugReporterOnCrash: 0, Is64bit: 1, IsPro: 1

COMMAND LINE ARGUMENTS:
C:\Program Files\Unity\Hub\Editor\2022.3.7f1\Editor\Unity.exe
-adb2
-batchMode
-noUpm
-name
AssetImportWorker0
-projectPath
C:/Users/eren.demir/Desktop/PrototypeDeneme2
-logFile
Logs/AssetImportWorker0.log
-srvPort
51199
Successfully changed project path to: C:/Users/eren.demir/Desktop/PrototypeDeneme2
C:/Users/eren.demir/Desktop/PrototypeDeneme2
[UnityMemory] Configuration Parameters - Can be set up in boot.config
    "memorysetup-bucket-allocator-granularity=16"
    "memorysetup-bucket-allocator-bucket-count=8"
    "memorysetup-bucket-allocator-block-size=33554432"
    "memorysetup-bucket-allocator-block-count=8"
    "memorysetup-main-allocator-block-size=16777216"
    "memorysetup-thread-allocator-block-size=16777216"
    "memorysetup-gfx-main-allocator-block-size=16777216"
    "memorysetup-gfx-thread-allocator-block-size=16777216"
    "memorysetup-cache-allocator-block-size=4194304"
    "memorysetup-typetree-allocator-block-size=2097152"
    "memorysetup-profiler-bucket-allocator-granularity=16"
    "memorysetup-profiler-bucket-allocator-bucket-count=8"
    "memorysetup-profiler-bucket-allocator-block-size=33554432"
    "memorysetup-profiler-bucket-allocator-block-count=8"
    "memorysetup-profiler-allocator-block-size=16777216"
    "memorysetup-profiler-editor-allocator-block-size=1048576"
    "memorysetup-temp-allocator-size-main=16777216"
    "memorysetup-job-temp-allocator-block-size=2097152"
    "memorysetup-job-temp-allocator-block-size-background=1048576"
    "memorysetup-job-temp-allocator-reduction-small-platforms=262144"
    "memorysetup-allocator-temp-initial-block-size-main=262144"
    "memorysetup-allocator-temp-initial-block-size-worker=262144"
    "memorysetup-temp-allocator-size-background-worker=32768"
    "memorysetup-temp-allocator-size-job-worker=262144"
    "memorysetup-temp-allocator-size-preload-manager=33554432"
    "memorysetup-temp-allocator-size-nav-mesh-worker=65536"
    "memorysetup-temp-allocator-size-audio-worker=65536"
    "memorysetup-temp-allocator-size-cloud-worker=32768"
    "memorysetup-temp-allocator-size-gi-baking-worker=262144"
    "memorysetup-temp-allocator-size-gfx=262144"
Player connection [19708] Host "[IP] 192.168.35.1 [Port] 0 [Flags] 2 [Guid] 302633837 [EditorId] 302633837 [Version] 1048832 [Id] WindowsEditor(7,TKT-EDEMIR-DU) [Debug] 1 [PackageName] WindowsEditor [ProjectName] Editor" joined multi-casting on [225.0.0.222:54997]...

Player connection [19708] Host "[IP] 192.168.35.1 [Port] 0 [Flags] 2 [Guid] 302633837 [EditorId] 302633837 [Version] 1048832 [Id] WindowsEditor(7,TKT-EDEMIR-DU) [Debug] 1 [PackageName] WindowsEditor [ProjectName] Editor" joined alternative multi-casting on [225.0.0.222:34997]...

Refreshing native plugins compatible for Editor in 22.05 ms, found 1 plugins.
Preloading 0 native plugins for Editor in 0.00 ms.
Initialize engine version: 2022.3.7f1 (b16b3b16c7a0)
[Subsystems] Discovering subsystems at path C:/Program Files/Unity/Hub/Editor/2022.3.7f1/Editor/Data/Resources/UnitySubsystems
[Subsystems] Discovering subsystems at path C:/Users/eren.demir/Desktop/PrototypeDeneme2/Assets
GfxDevice: creating device client; threaded=0; jobified=0
Direct3D:
    Version:  Direct3D 11.0 [level 11.1]
    Renderer: NVIDIA GeForce MX450 (ID=0x1f97)
    Vendor:   NVIDIA
    VRAM:     1928 MB
    Driver:   31.0.15.1801
Initialize mono
Mono path[0] = 'C:/Program Files/Unity/Hub/Editor/2022.3.7f1/Editor/Data/Managed'
Mono path[1] = 'C:/Program Files/Unity/Hub/Editor/2022.3.7f1/Editor/Data/MonoBleedingEdge/lib/mono/unityjit-win32'
Mono config path = 'C:/Program Files/Unity/Hub/Editor/2022.3.7f1/Editor/Data/MonoBleedingEdge/etc'
Using monoOptions --debugger-agent=transport=dt_socket,embedding=1,server=y,suspend=n,address=127.0.0.1:56000
Begin MonoManager ReloadAssembly
Registering precompiled unity dll's ...
Register platform support module: C:/Program Files/Unity/Hub/Editor/2022.3.7f1/Editor/Data/PlaybackEngines/WebGLSupport/UnityEditor.WebGL.Extensions.dll
Register platform support module: C:/Program Files/Unity/Hub/Editor/2022.3.7f1/Editor/Data/PlaybackEngines/WindowsStandaloneSupport/UnityEditor.WindowsStandalone.Extensions.dll
Registered in 0.083607 seconds.
- Loaded All Assemblies, in  9.360 seconds
Native extension for WindowsStandalone target not found
Native extension for WebGL target not found
Mono: successfully reloaded assembly
- Finished resetting the current domain, in  1.573 seconds
Domain Reload Profiling: 10924ms
	BeginReloadAssembly (6523ms)
		ExecutionOrderSort (0ms)
		DisableScriptedObjects (0ms)
		BackupInstance (0ms)
		ReleaseScriptingObjects (0ms)
		CreateAndSetChildDomain (2ms)
	RebuildCommonClasses (1034ms)
	RebuildNativeTypeToScriptingClass (217ms)
	initialDomainReloadingComplete (804ms)
	LoadAllAssembliesAndSetupDomain (773ms)
		LoadAssemblies (6547ms)
		RebuildTransferFunctionScriptingTraits (0ms)
		AnalyzeDomain (733ms)
			TypeCache.Refresh (725ms)
				TypeCache.ScanAssembly (633ms)
			ScanForSourceGeneratedMonoScriptInfo (1ms)
			ResolveRequiredComponents (5ms)
	FinalizeReload (1574ms)
		ReleaseScriptCaches (0ms)
		RebuildScriptCaches (0ms)
		SetupLoadedEditorAssemblies (1233ms)
			LogAssemblyErrors (0ms)
			InitializePlatformSupportModulesInManaged (94ms)
			SetLoadedEditorAssemblies (79ms)
			RefreshPlugins (0ms)
			BeforeProcessingInitializeOnLoad (9ms)
			ProcessInitializeOnLoadAttributes (702ms)
			ProcessInitializeOnLoadMethodAttributes (349ms)
			AfterProcessingInitializeOnLoad (0ms)
			EditorAssembliesLoaded (0ms)
		ExecutionOrderSort2 (0ms)
		AwakeInstancesAfterBackupRestoration (0ms)
========================================================================
Worker process is ready to serve import requests
Begin MonoManager ReloadAssembly
Symbol file LoadedFromMemory doesn't match image C:\Users\eren.demir\Desktop\PrototypeDeneme2\Library\PackageCache\com.unity.visualscripting@1.8.0\Editor\VisualScripting.Core\Dependencies\YamlDotNet\Unity.VisualScripting.YamlDotNet.dll
Symbol file LoadedFromMemory doesn't match image C:\Users\eren.demir\Desktop\PrototypeDeneme2\Library\PackageCache\com.unity.visualscripting@1.8.0\Editor\VisualScripting.Core\Dependencies\DotNetZip\Unity.VisualScripting.IonicZip.dll
- Loaded All Assemblies, in  1.448 seconds
Refreshing native plugins compatible for Editor in 6.77 ms, found 1 plugins.
Native extension for WindowsStandalone target not found
Native extension for WebGL target not found
Mono: successfully reloaded assembly
- Finished resetting the current domain, in  0.993 seconds
Domain Reload Profiling: 2433ms
	BeginReloadAssembly (490ms)
		ExecutionOrderSort (0ms)
		DisableScriptedObjects (15ms)
		BackupInstance (0ms)
		ReleaseScriptingObjects (0ms)
		CreateAndSetChildDomain (47ms)
	RebuildCommonClasses (104ms)
	RebuildNativeTypeToScriptingClass (31ms)
	initialDomainReloadingComplete (133ms)
	LoadAllAssembliesAndSetupDomain (682ms)
		LoadAssemblies (822ms)
		RebuildTransferFunctionScriptingTraits (0ms)
		AnalyzeDomain (186ms)
			TypeCache.Refresh (154ms)
				TypeCache.ScanAssembly (130ms)
			ScanForSourceGeneratedMonoScriptInfo (22ms)
			ResolveRequiredComponents (9ms)
	FinalizeReload (994ms)
		ReleaseScriptCaches (0ms)
		RebuildScriptCaches (0ms)
		SetupLoadedEditorAssemblies (620ms)
			LogAssemblyErrors (0ms)
			InitializePlatformSupportModulesInManaged (28ms)
			SetLoadedEditorAssemblies (11ms)
			RefreshPlugins (0ms)
			BeforeProcessingInitializeOnLoad (113ms)
			ProcessInitializeOnLoadAttributes (387ms)
			ProcessInitializeOnLoadMethodAttributes (48ms)
			AfterProcessingInitializeOnLoad (34ms)
			EditorAssembliesLoaded (0ms)
		ExecutionOrderSort2 (0ms)
		AwakeInstancesAfterBackupRestoration (23ms)
Launched and connected shader compiler UnityShaderCompiler.exe after 0.23 seconds
Refreshing native plugins compatible for Editor in 7.41 ms, found 1 plugins.
Preloading 0 native plugins for Editor in 0.00 ms.
Unloading 1978 Unused Serialized files (Serialized files now loaded: 0)
Unloading 13 unused Assets / (52.0 KB). Loaded Objects now: 2444.
Memory consumption went from 87.5 MB to 87.4 MB.
Total: 4.373000 ms (FindLiveObjects: 0.234200 ms CreateObjectMapping: 0.110600 ms MarkObjects: 3.878000 ms  DeleteObjects: 0.148900 ms)

AssetImportParameters requested are different than current active one (requested -> active):
  custom:video-decoder-webm-vp8: 9c59270c3fd7afecdb556c50c9e8de78 -> 
  custom:SearchIndexIgnoredProperties: e643bd26f0fe6173181afceb89e7c659 -> 
  custom:container-demuxer-ogg: 62fdf1f143b41e24485cea50d1cbac27 -> 
  custom:AudioImporter_EditorPlatform: d09bf68614088b80899f8185d706f6e7 -> 
  custom:video-decoder-ogg-theora: a1e56fd34408186e4bbccfd4996cb3dc -> 
  custom:framework-win-MediaFoundation: 216162199b28c13a410421893ffa2e32 -> 
  custom:video-encoder-webm-vp8: eb34c28f22e8b96e1ab97ce403110664 -> 
  custom:audio-decoder-ogg-vorbis: bf7c407c2cedff20999df2af8eb42d56 -> 
  custom:CustomObjectIndexerAttribute: 756ad292c208cfabdd7b50bc23989ffe -> 
  custom:container-demuxer-webm: 4f35f7cbe854078d1ac9338744f61a02 -> 
  custom:audio-encoder-webm-vorbis: bf7c407c2cedff20999df2af8eb42d56 -> 
  custom:container-muxer-webm: aa71ff27fc2769a1b78a27578f13a17b -> 
========================================================================
Received Import Request.
  Time since last request: 1585.015876 seconds.
  path: Assets/DinV/Dynamic Space Background
  artifactKey: Guid(cfbbfb20b2395ec48ba47f1f035266d3) Importer(815301076,1909f56bfc062723c751e8b465ee728b)
Start importing Assets/DinV/Dynamic Space Background using Guid(cfbbfb20b2395ec48ba47f1f035266d3) Importer(815301076,1909f56bfc062723c751e8b465ee728b)  -> (artifact id: '7b3a4cb1559baf2fe60d477240863a58') in 0.005985 seconds
Number of updated asset objects reloaded before import = 0
Number of asset objects unloaded after import = 0
========================================================================
Received Import Request.
  Time since last request: 90.317172 seconds.
  path: Assets/Galaxia Sprite Pack #1
  artifactKey: Guid(457574f66127d5e4abfa2c3947d8f752) Importer(815301076,1909f56bfc062723c751e8b465ee728b)
Start importing Assets/Galaxia Sprite Pack #1 using Guid(457574f66127d5e4abfa2c3947d8f752) Importer(815301076,1909f56bfc062723c751e8b465ee728b)  -> (artifact id: '8547b08f25b7b890f3d65c1b92d91e5e') in 0.000781 seconds
Number of updated asset objects reloaded before import = 0
Number of asset objects unloaded after import = 0
========================================================================
Received Import Request.
  Time since last request: 2.107960 seconds.
  path: Assets/Galaxia Sprite Pack #1/Effects
  artifactKey: Guid(d43ebdbac3c505549aa66966fe144a84) Importer(815301076,1909f56bfc062723c751e8b465ee728b)
Start importing Assets/Galaxia Sprite Pack #1/Effects using Guid(d43ebdbac3c505549aa66966fe144a84) Importer(815301076,1909f56bfc062723c751e8b465ee728b)  -> (artifact id: '3e049814e8ef7a91ded7fec22bd9fe48') in 0.000533 seconds
Number of updated asset objects reloaded before import = 0
Number of asset objects unloaded after import = 0
========================================================================
Received Import Request.
  Time since last request: 1.636850 seconds.
  path: Assets/Galaxia Sprite Pack #1/Player
  artifactKey: Guid(e26b8986b8a143246882c2b3e1eff3f8) Importer(815301076,1909f56bfc062723c751e8b465ee728b)
Start importing Assets/Galaxia Sprite Pack #1/Player using Guid(e26b8986b8a143246882c2b3e1eff3f8) Importer(815301076,1909f56bfc062723c751e8b465ee728b)  -> (artifact id: '006e9a915f69a608f109543086036242') in 0.000513 seconds
Number of updated asset objects reloaded before import = 0
Number of asset objects unloaded after import = 0
========================================================================
Received Import Request.
  Time since last request: 9.323352 seconds.
  path: Assets/Galaxia Sprite Pack #1/Enemy/idle_scout_yellow.png
  artifactKey: Guid(5500a4eb7184fed4eb5b5e505ffecd91) Importer(815301076,1909f56bfc062723c751e8b465ee728b)
Start importing Assets/Galaxia Sprite Pack #1/Enemy/idle_scout_yellow.png using Guid(5500a4eb7184fed4eb5b5e505ffecd91) Importer(815301076,1909f56bfc062723c751e8b465ee728b)  -> (artifact id: '8afbb7a644faea64dde1f7b9d4b6ede8') in 0.092356 seconds
Number of updated asset objects reloaded before import = 0
Number of asset objects unloaded after import = 3
========================================================================
Received Import Request.
  Time since last request: 2.794880 seconds.
  path: Assets/Galaxia Sprite Pack #1/Enemy/idle_scout_red.png
  artifactKey: Guid(f680e5047c3880e4285d455c7e341a44) Importer(815301076,1909f56bfc062723c751e8b465ee728b)
Start importing Assets/Galaxia Sprite Pack #1/Enemy/idle_scout_red.png using Guid(f680e5047c3880e4285d455c7e341a44) Importer(815301076,1909f56bfc062723c751e8b465ee728b)  -> (artifact id: '4fec8c1d8888cbb6d4522c37ee488930') in 0.025410 seconds
Number of updated asset objects reloaded before import = 0
Number of asset objects unloaded after import = 3
========================================================================
Received Import Request.
  Time since last request: 0.440074 seconds.
  path: Assets/Galaxia Sprite Pack #1/Enemy/idle_orb_red.png
  artifactKey: Guid(4c8a2444f139c1447b5bd181110e264b) Importer(815301076,1909f56bfc062723c751e8b465ee728b)
Start importing Assets/Galaxia Sprite Pack #1/Enemy/idle_orb_red.png using Guid(4c8a2444f139c1447b5bd181110e264b) Importer(815301076,1909f56bfc062723c751e8b465ee728b)  -> (artifact id: 'f6d34f1e126219e83a0144844ad02dc8') in 0.019415 seconds
Number of updated asset objects reloaded before import = 0
Number of asset objects unloaded after import = 3
========================================================================
Received Import Request.
  Time since last request: 0.383028 seconds.
  path: Assets/Galaxia Sprite Pack #1/Enemy/idle_orb_blue.png
  artifactKey: Guid(36da0b7bdceee7a48851d5dd2aefe98f) Importer(815301076,1909f56bfc062723c751e8b465ee728b)
Start importing Assets/Galaxia Sprite Pack #1/Enemy/idle_orb_blue.png using Guid(36da0b7bdceee7a48851d5dd2aefe98f) Importer(815301076,1909f56bfc062723c751e8b465ee728b)  -> (artifact id: 'e6f88fd1c27d628d09d2b4658d0d113d') in 0.018238 seconds
Number of updated asset objects reloaded before import = 0
Number of asset objects unloaded after import = 3
========================================================================
Received Import Request.
  Time since last request: 0.321678 seconds.
  path: Assets/Galaxia Sprite Pack #1/Enemy/idle_drone_purple.png
  artifactKey: Guid(278b61a9028b9194ba3d4eeadb00f4fb) Importer(815301076,1909f56bfc062723c751e8b465ee728b)
Start importing Assets/Galaxia Sprite Pack #1/Enemy/idle_drone_purple.png using Guid(278b61a9028b9194ba3d4eeadb00f4fb) Importer(815301076,1909f56bfc062723c751e8b465ee728b)  -> (artifact id: '89bc669a52f71b7ee9a028a8db727c82') in 0.026297 seconds
Number of updated asset objects reloaded before import = 0
Number of asset objects unloaded after import = 3
========================================================================
Received Import Request.
  Time since last request: 0.295335 seconds.
  path: Assets/Galaxia Sprite Pack #1/Enemy/idle_drone_green.png
  artifactKey: Guid(441204ce661f32640838942da466ce4d) Importer(815301076,1909f56bfc062723c751e8b465ee728b)
Start importing Assets/Galaxia Sprite Pack #1/Enemy/idle_drone_green.png using Guid(441204ce661f32640838942da466ce4d) Importer(815301076,1909f56bfc062723c751e8b465ee728b)  -> (artifact id: 'd8fa819c9baf1e68eeafdf2dd1a78de8') in 0.024432 seconds
Number of updated asset objects reloaded before import = 0
Number of asset objects unloaded after import = 3
========================================================================
Received Import Request.
  Time since last request: 0.492549 seconds.
  path: Assets/Galaxia Sprite Pack #1/Enemy/idle_bomber_red.png
  artifactKey: Guid(2891d59158f4f7e4c8d006fbc2e55cc9) Importer(815301076,1909f56bfc062723c751e8b465ee728b)
Start importing Assets/Galaxia Sprite Pack #1/Enemy/idle_bomber_red.png using Guid(2891d59158f4f7e4c8d006fbc2e55cc9) Importer(815301076,1909f56bfc062723c751e8b465ee728b)  -> (artifact id: '41d55a026d3f52e55c6005ec5dba0b96') in 0.016976 seconds
Number of updated asset objects reloaded before import = 0
Number of asset objects unloaded after import = 3
========================================================================
Received Import Request.
  Time since last request: 0.535304 seconds.
  path: Assets/Galaxia Sprite Pack #1/Enemy/idle_bomber_green.png
  artifactKey: Guid(56333afa39cd62b4298f591910f04bc5) Importer(815301076,1909f56bfc062723c751e8b465ee728b)
Start importing Assets/Galaxia Sprite Pack #1/Enemy/idle_bomber_green.png using Guid(56333afa39cd62b4298f591910f04bc5) Importer(815301076,1909f56bfc062723c751e8b465ee728b)  -> (artifact id: 'a10aff4d42061e05af712ff11b0f124a') in 0.018712 seconds
Number of updated asset objects reloaded before import = 0
Number of asset objects unloaded after import = 3
========================================================================
Received Import Request.
  Time since last request: 1.054086 seconds.
  path: Assets/Galaxia Sprite Pack #1/Enemy/idle_heavy_yellow.png
  artifactKey: Guid(ec56ac9d9347f984dad9bde8e4f3ae4a) Importer(815301076,1909f56bfc062723c751e8b465ee728b)
Start importing Assets/Galaxia Sprite Pack #1/Enemy/idle_heavy_yellow.png using Guid(ec56ac9d9347f984dad9bde8e4f3ae4a) Importer(815301076,1909f56bfc062723c751e8b465ee728b)  -> (artifact id: '0ae0540d7ccbb6d4541320517ada0280') in 0.017765 seconds
Number of updated asset objects reloaded before import = 0
Number of asset objects unloaded after import = 3
========================================================================
Received Import Request.
  Time since last request: 154.328814 seconds.
  path: Assets/Course Library/_Source_Files
  artifactKey: Guid(72f1805f9e4054127a65d3cab3ea01c4) Importer(815301076,1909f56bfc062723c751e8b465ee728b)
Start importing Assets/Course Library/_Source_Files using Guid(72f1805f9e4054127a65d3cab3ea01c4) Importer(815301076,1909f56bfc062723c751e8b465ee728b)  -> (artifact id: '306f9bf6d8271c236f6eb9dae58b06f4') in 0.000879 seconds
Number of updated asset objects reloaded before import = 0
Number of asset objects unloaded after import = 0
========================================================================
Received Import Request.
  Time since last request: 17.324172 seconds.
  path: Assets/Galaxia Sprite Pack #1/Enemy/idle_drone_blue.png
  artifactKey: Guid(125d5be502cbe3a418c97ea911b93155) Importer(815301076,1909f56bfc062723c751e8b465ee728b)
Start importing Assets/Galaxia Sprite Pack #1/Enemy/idle_drone_blue.png using Guid(125d5be502cbe3a418c97ea911b93155) Importer(815301076,1909f56bfc062723c751e8b465ee728b)  -> (artifact id: 'aab964f2f8ca9fa7903b5a879e123434') in 0.018991 seconds
Number of updated asset objects reloaded before import = 0
Number of asset objects unloaded after import = 3
========================================================================
Received Import Request.
  Time since last request: 1.332733 seconds.
  path: Assets/Galaxia Sprite Pack #1/Enemy/idle_heavy_green.png
  artifactKey: Guid(767780ce78b8bdf4ebcb0231280c9655) Importer(815301076,1909f56bfc062723c751e8b465ee728b)
Start importing Assets/Galaxia Sprite Pack #1/Enemy/idle_heavy_green.png using Guid(767780ce78b8bdf4ebcb0231280c9655) Importer(815301076,1909f56bfc062723c751e8b465ee728b)  -> (artifact id: '9c1a401401a23383f9e827c160dba987') in 0.021647 seconds
Number of updated asset objects reloaded before import = 0
Number of asset objects unloaded after import = 3
========================================================================
Received Import Request.
  Time since last request: 228.851954 seconds.
  path: Assets/Course Library/Prefabs/Player.prefab
  artifactKey: Guid(7d0f02e8608da7148b0ccf2694e7fafc) Importer(815301076,1909f56bfc062723c751e8b465ee728b)
Start importing Assets/Course Library/Prefabs/Player.prefab using Guid(7d0f02e8608da7148b0ccf2694e7fafc) Importer(815301076,1909f56bfc062723c751e8b465ee728b)  -> (artifact id: '0fbe70907c1913f6393a447d1c10a409') in 0.074098 seconds
Number of updated asset objects reloaded before import = 0
Number of asset objects unloaded after import = 7
========================================================================
Received Import Request.
  Time since last request: 87.372661 seconds.
  path: ProjectSettings/TagManager.asset
  artifactKey: Guid(00000000000000003000000000000000) Importer(815301076,1909f56bfc062723c751e8b465ee728b)
Start importing ProjectSettings/TagManager.asset using Guid(00000000000000003000000000000000) Importer(815301076,1909f56bfc062723c751e8b465ee728b)  -> (artifact id: '6b9326e97e2461385864aa44f9e28ada') in 0.000999 seconds
Number of updated asset objects reloaded before import = 0
Number of asset objects unloaded after import = 0
